#
# A fatal error has been detected by the Java Runtime Environment:
#
#  EXCEPTION_ACCESS_VIOLATION (0xc0000005) at pc=0x000000006d92d904, pid=8184, tid=4196
#
# JRE version: 6.0_43-b01
# Java VM: Java HotSpot(TM) 64-Bit Server VM (20.14-b01 mixed mode windows-amd64 compressed oops)
# Problematic frame:
# V  [jvm.dll+0x11d904]
#
# If you would like to submit a bug report, please visit:
#   http://java.sun.com/webapps/bugreport/crash.jsp
#

---------------  T H R E A D  ---------------

Current thread (0x0000000006ce3800):  JavaThread "AWT-EventQueue-0" [_thread_in_vm, id=4196, stack(0x000000000b2d0000,0x000000000b3d0000)]

siginfo: ExceptionCode=0xc0000005, reading address 0x0000000000000000

Registers:
RAX=0x0000000000000000, RBX=0x0000000006ce3800, RCX=0x0000000000000380, RDX=0x0000000000000000
RSP=0x000000000b3cb140, RBP=0x000000000b3cc298, RSI=0x0000000000000000, RDI=0x0000000000000000
R8 =0x0000000000000000, R9 =0x0000000000000000, R10=0x0000000000000000, R11=0x0000000000000246
R12=0x0000000000000000, R13=0x0000000006ce39d0, R14=0x0000000000000000, R15=0x0000000006ce3800
RIP=0x000000006d92d904, EFLAGS=0x0000000000010246

Top of Stack: (sp=0x000000000b3cb140)
0x000000000b3cb140:   000000000b3cc1d0 000000000cd811b8
0x000000000b3cb150:   000000000000000d 0000000000000001
0x000000000b3cb160:   0000000006ce3800 0000000000000000
0x000000000b3cb170:   0000000006ce3800 000000073bb314a0
0x000000000b3cb180:   0000000006ce39d0 0000000000000000
0x000000000b3cb190:   0000000006ce3800 0000000062f01247
0x000000000b3cb1a0:   000000073bb314a0 00000007c002cba8
0x000000000b3cb1b0:   000000000000000d 0000000002525a0e
0x000000000b3cb1c0:   0000000000001000 0000000000000000
0x000000000b3cb1d0:   0000000006ce3800 000000006d85be98
0x000000000b3cb1e0:   0000000006d48b48 0000000006d48b40
0x000000000b3cb1f0:   0000000006ce3800 0000000000000000
0x000000000b3cb200:   0000000006d48b80 0000000006d48b98
0x000000000b3cb210:   0000000000301c40 000000006d85ccad
0x000000000b3cb220:   0000000000000000 0000000006d48b98
0x000000000b3cb230:   0000000000000000 000000006da03322 

Instructions: (pc=0x000000006d92d904)
0x000000006d92d8e4:   00 48 83 7b 08 00 48 89 5c 24 20 48 c7 44 24 28
0x000000006d92d8f4:   00 00 00 00 74 0a 48 8d 4c 24 20 e8 6c c9 12 00
0x000000006d92d904:   48 8b 36 48 89 6c 24 68 4c 89 64 24 50 48 8b ce
0x000000006d92d914:   4c 89 6c 24 48 e8 c2 76 f2 ff 4c 63 e0 49 8d 4c 


Register to memory mapping:

RAX=0x0000000000000000 is an unknown value
RBX=0x0000000006ce3800 is a thread
RCX=0x0000000000000380 is an unknown value
RDX=0x0000000000000000 is an unknown value
RSP=0x000000000b3cb140 is pointing into the stack for thread: 0x0000000006ce3800
RBP=0x000000000b3cc298 is pointing into the stack for thread: 0x0000000006ce3800
RSI=0x0000000000000000 is an unknown value
RDI=0x0000000000000000 is an unknown value
R8 =0x0000000000000000 is an unknown value
R9 =0x0000000000000000 is an unknown value
R10=0x0000000000000000 is an unknown value
R11=0x0000000000000246 is an unknown value
R12=0x0000000000000000 is an unknown value
R13=0x0000000006ce39d0 is an unknown value
R14=0x0000000000000000 is an unknown value
R15=0x0000000006ce3800 is a thread


Stack: [0x000000000b2d0000,0x000000000b3d0000],  sp=0x000000000b3cb140,  free space=1004k
Native frames: (J=compiled Java code, j=interpreted, Vv=VM code, C=native code)
V  [jvm.dll+0x11d904]
j  oracle.jdbc.driver.T2CConnection.logon()V+825
j  oracle.jdbc.driver.PhysicalConnection.<init>(Ljava/lang/String;Ljava/util/Properties;Loracle/jdbc/driver/OracleDriverExtension;)V+323
j  oracle.jdbc.driver.T2CConnection.<init>(Ljava/lang/String;Ljava/util/Properties;Loracle/jdbc/driver/OracleDriverExtension;)V+4
j  oracle.jdbc.driver.T2CDriverExtension.getConnection(Ljava/lang/String;Ljava/util/Properties;)Ljava/sql/Connection;+34
j  oracle.jdbc.driver.OracleDriver.connect(Ljava/lang/String;Ljava/util/Properties;)Ljava/sql/Connection;+296
j  java.sql.DriverManager.getConnection(Ljava/lang/String;Ljava/util/Properties;Ljava/lang/ClassLoader;)Ljava/sql/Connection;+210
j  java.sql.DriverManager.getConnection(Ljava/lang/String;Ljava/lang/String;Ljava/lang/String;)Ljava/sql/Connection;+41
j  IMLoginDialog.login()V+94
j  IMLoginDialog$1.keyPressed(Ljava/awt/event/KeyEvent;)V+13
j  java.awt.Component.processKeyEvent(Ljava/awt/event/KeyEvent;)V+52
j  javax.swing.JComponent.processKeyEvent(Ljava/awt/event/KeyEvent;)V+2
j  java.awt.Component.processEvent(Ljava/awt/AWTEvent;)V+121
j  java.awt.Container.processEvent(Ljava/awt/AWTEvent;)V+18
j  java.awt.Component.dispatchEventImpl(Ljava/awt/AWTEvent;)V+573
j  java.awt.Container.dispatchEventImpl(Ljava/awt/AWTEvent;)V+42
j  java.awt.Component.dispatchEvent(Ljava/awt/AWTEvent;)V+2
j  java.awt.KeyboardFocusManager.redispatchEvent(Ljava/awt/Component;Ljava/awt/AWTEvent;)V+7
j  java.awt.DefaultKeyboardFocusManager.dispatchKeyEvent(Ljava/awt/event/KeyEvent;)Z+70
j  java.awt.DefaultKeyboardFocusManager.preDispatchKeyEvent(Ljava/awt/event/KeyEvent;)Z+140
j  java.awt.DefaultKeyboardFocusManager.typeAheadAssertions(Ljava/awt/Component;Ljava/awt/AWTEvent;)Z+175
j  java.awt.DefaultKeyboardFocusManager.dispatchEvent(Ljava/awt/AWTEvent;)Z+1524
j  java.awt.Component.dispatchEventImpl(Ljava/awt/AWTEvent;)V+138
j  java.awt.Container.dispatchEventImpl(Ljava/awt/AWTEvent;)V+42
j  java.awt.Window.dispatchEventImpl(Ljava/awt/AWTEvent;)V+65
j  java.awt.Component.dispatchEvent(Ljava/awt/AWTEvent;)V+2
j  java.awt.EventQueue.dispatchEventImpl(Ljava/awt/AWTEvent;Ljava/lang/Object;)V+41
j  java.awt.EventQueue.access$400(Ljava/awt/EventQueue;Ljava/awt/AWTEvent;Ljava/lang/Object;)V+3
j  java.awt.EventQueue$2.run()Ljava/lang/Void;+12
j  java.awt.EventQueue$2.run()Ljava/lang/Object;+1
v  ~StubRoutines::call_stub
V  [jvm.dll+0x1eac57]

Java frames: (J=compiled Java code, j=interpreted, Vv=VM code)
j  oracle.jdbc.driver.T2CConnection.t2cSetSessionTimeZone(JLjava/lang/String;)I+0
j  oracle.jdbc.driver.T2CConnection.logon()V+825
j  oracle.jdbc.driver.PhysicalConnection.<init>(Ljava/lang/String;Ljava/util/Properties;Loracle/jdbc/driver/OracleDriverExtension;)V+323
j  oracle.jdbc.driver.T2CConnection.<init>(Ljava/lang/String;Ljava/util/Properties;Loracle/jdbc/driver/OracleDriverExtension;)V+4
j  oracle.jdbc.driver.T2CDriverExtension.getConnection(Ljava/lang/String;Ljava/util/Properties;)Ljava/sql/Connection;+34
j  oracle.jdbc.driver.OracleDriver.connect(Ljava/lang/String;Ljava/util/Properties;)Ljava/sql/Connection;+296
j  java.sql.DriverManager.getConnection(Ljava/lang/String;Ljava/util/Properties;Ljava/lang/ClassLoader;)Ljava/sql/Connection;+210
j  java.sql.DriverManager.getConnection(Ljava/lang/String;Ljava/lang/String;Ljava/lang/String;)Ljava/sql/Connection;+41
j  IMLoginDialog.login()V+94
j  IMLoginDialog$1.keyPressed(Ljava/awt/event/KeyEvent;)V+13
j  java.awt.Component.processKeyEvent(Ljava/awt/event/KeyEvent;)V+52
j  javax.swing.JComponent.processKeyEvent(Ljava/awt/event/KeyEvent;)V+2
j  java.awt.Component.processEvent(Ljava/awt/AWTEvent;)V+121
j  java.awt.Container.processEvent(Ljava/awt/AWTEvent;)V+18
j  java.awt.Component.dispatchEventImpl(Ljava/awt/AWTEvent;)V+573
j  java.awt.Container.dispatchEventImpl(Ljava/awt/AWTEvent;)V+42
j  java.awt.Component.dispatchEvent(Ljava/awt/AWTEvent;)V+2
j  java.awt.KeyboardFocusManager.redispatchEvent(Ljava/awt/Component;Ljava/awt/AWTEvent;)V+7
j  java.awt.DefaultKeyboardFocusManager.dispatchKeyEvent(Ljava/awt/event/KeyEvent;)Z+70
j  java.awt.DefaultKeyboardFocusManager.preDispatchKeyEvent(Ljava/awt/event/KeyEvent;)Z+140
j  java.awt.DefaultKeyboardFocusManager.typeAheadAssertions(Ljava/awt/Component;Ljava/awt/AWTEvent;)Z+175
j  java.awt.DefaultKeyboardFocusManager.dispatchEvent(Ljava/awt/AWTEvent;)Z+1524
j  java.awt.Component.dispatchEventImpl(Ljava/awt/AWTEvent;)V+138
j  java.awt.Container.dispatchEventImpl(Ljava/awt/AWTEvent;)V+42
j  java.awt.Window.dispatchEventImpl(Ljava/awt/AWTEvent;)V+65
j  java.awt.Component.dispatchEvent(Ljava/awt/AWTEvent;)V+2
j  java.awt.EventQueue.dispatchEventImpl(Ljava/awt/AWTEvent;Ljava/lang/Object;)V+41
j  java.awt.EventQueue.access$400(Ljava/awt/EventQueue;Ljava/awt/AWTEvent;Ljava/lang/Object;)V+3
j  java.awt.EventQueue$2.run()Ljava/lang/Void;+12
j  java.awt.EventQueue$2.run()Ljava/lang/Object;+1
v  ~StubRoutines::call_stub
j  java.security.AccessController.doPrivileged(Ljava/security/PrivilegedAction;Ljava/security/AccessControlContext;)Ljava/lang/Object;+0
j  java.security.AccessControlContext$1.doIntersectionPrivilege(Ljava/security/PrivilegedAction;Ljava/security/AccessControlContext;Ljava/security/AccessControlContext;)Ljava/lang/Object;+28
j  java.security.AccessControlContext$1.doIntersectionPrivilege(Ljava/security/PrivilegedAction;Ljava/security/AccessControlContext;)Ljava/lang/Object;+6
j  java.awt.EventQueue$3.run()Ljava/lang/Void;+11
j  java.awt.EventQueue$3.run()Ljava/lang/Object;+1
v  ~StubRoutines::call_stub
j  java.security.AccessController.doPrivileged(Ljava/security/PrivilegedAction;Ljava/security/AccessControlContext;)Ljava/lang/Object;+0
j  java.security.AccessControlContext$1.doIntersectionPrivilege(Ljava/security/PrivilegedAction;Ljava/security/AccessControlContext;Ljava/security/AccessControlContext;)Ljava/lang/Object;+28
j  java.awt.EventQueue.dispatchEvent(Ljava/awt/AWTEvent;)V+73
j  java.awt.EventDispatchThread.pumpOneEventForFilters(I)Z+204
j  java.awt.EventDispatchThread.pumpEventsForFilter(ILjava/awt/Conditional;Ljava/awt/EventFilter;)V+30
j  java.awt.EventDispatchThread.pumpEventsForFilter(Ljava/awt/Conditional;Ljava/awt/EventFilter;)V+4
j  java.awt.Dialog$1.run()V+23
j  java.awt.event.InvocationEvent.dispatch()V+47
j  java.awt.EventQueue.dispatchEventImpl(Ljava/awt/AWTEvent;Ljava/lang/Object;)V+21
j  java.awt.EventQueue.access$400(Ljava/awt/EventQueue;Ljava/awt/AWTEvent;Ljava/lang/Object;)V+3
j  java.awt.EventQueue$2.run()Ljava/lang/Void;+12
j  java.awt.EventQueue$2.run()Ljava/lang/Object;+1
v  ~StubRoutines::call_stub
j  java.security.AccessController.doPrivileged(Ljava/security/PrivilegedAction;Ljava/security/AccessControlContext;)Ljava/lang/Object;+0
j  java.security.AccessControlContext$1.doIntersectionPrivilege(Ljava/security/PrivilegedAction;Ljava/security/AccessControlContext;Ljava/security/AccessControlContext;)Ljava/lang/Object;+28
j  java.security.AccessControlContext$1.doIntersectionPrivilege(Ljava/security/PrivilegedAction;Ljava/security/AccessControlContext;)Ljava/lang/Object;+6
j  java.awt.EventQueue$3.run()Ljava/lang/Void;+11
j  java.awt.EventQueue$3.run()Ljava/lang/Object;+1
v  ~StubRoutines::call_stub
j  java.security.AccessController.doPrivileged(Ljava/security/PrivilegedAction;Ljava/security/AccessControlContext;)Ljava/lang/Object;+0
j  java.security.AccessControlContext$1.doIntersectionPrivilege(Ljava/security/PrivilegedAction;Ljava/security/AccessControlContext;Ljava/security/AccessControlContext;)Ljava/lang/Object;+28
j  java.awt.EventQueue.dispatchEvent(Ljava/awt/AWTEvent;)V+73
j  java.awt.EventDispatchThread.pumpOneEventForFilters(I)Z+204
j  java.awt.EventDispatchThread.pumpEventsForFilter(ILjava/awt/Conditional;Ljava/awt/EventFilter;)V+30
j  java.awt.EventDispatchThread.pumpEventsForHierarchy(ILjava/awt/Conditional;Ljava/awt/Component;)V+11
j  java.awt.EventDispatchThread.pumpEvents(ILjava/awt/Conditional;)V+4
j  java.awt.EventDispatchThread.pumpEvents(Ljava/awt/Conditional;)V+3
j  java.awt.EventDispatchThread.run()V+9
v  ~StubRoutines::call_stub

---------------  P R O C E S S  ---------------

Java Threads: ( => current thread )
  0x0000000006ce5000 JavaThread "TimerQueue" daemon [_thread_blocked, id=3912, stack(0x000000000c200000,0x000000000c300000)]
  0x0000000006ce4800 JavaThread "D3D Screen Updater" daemon [_thread_blocked, id=5776, stack(0x000000000bef0000,0x000000000bff0000)]
=>0x0000000006ce3800 JavaThread "AWT-EventQueue-0" [_thread_in_vm, id=4196, stack(0x000000000b2d0000,0x000000000b3d0000)]
  0x0000000006ce3000 JavaThread "AWT-Windows" daemon [_thread_in_native, id=4412, stack(0x00000000078e0000,0x00000000079e0000)]
  0x0000000006ce2000 JavaThread "AWT-Shutdown" [_thread_blocked, id=1880, stack(0x00000000077e0000,0x00000000078e0000)]
  0x0000000006ce1800 JavaThread "Java2D Disposer" daemon [_thread_blocked, id=1316, stack(0x0000000007620000,0x0000000007720000)]
  0x0000000006ce0800 JavaThread "Low Memory Detector" daemon [_thread_blocked, id=8404, stack(0x0000000007260000,0x0000000007360000)]
  0x0000000006cce000 JavaThread "C2 CompilerThread1" daemon [_thread_blocked, id=7536, stack(0x0000000007160000,0x0000000007260000)]
  0x0000000006cb9800 JavaThread "C2 CompilerThread0" daemon [_thread_blocked, id=3980, stack(0x0000000007060000,0x0000000007160000)]
  0x0000000006cb5800 JavaThread "Attach Listener" daemon [_thread_blocked, id=6852, stack(0x0000000006f60000,0x0000000007060000)]
  0x0000000006cb0800 JavaThread "Signal Dispatcher" daemon [_thread_blocked, id=5752, stack(0x0000000006e60000,0x0000000006f60000)]
  0x000000000037c000 JavaThread "Finalizer" daemon [_thread_blocked, id=7648, stack(0x0000000006b60000,0x0000000006c60000)]
  0x0000000000373800 JavaThread "Reference Handler" daemon [_thread_blocked, id=5636, stack(0x0000000006a60000,0x0000000006b60000)]
  0x000000000027b000 JavaThread "main" [_thread_blocked, id=7908, stack(0x0000000002420000,0x0000000002520000)]

Other Threads:
  0x000000000036b800 VMThread [stack: 0x0000000006960000,0x0000000006a60000] [id=2320]
  0x0000000006d09000 WatcherThread [stack: 0x0000000007360000,0x0000000007460000] [id=7652]

VM state:not at safepoint (normal execution)

VM Mutex/Monitor currently owned by a thread: None

Heap
 PSYoungGen      total 57344K, used 11096K [0x00000007c0000000, 0x00000007c3ff0000, 0x0000000800000000)
  eden space 49216K, 22% used [0x00000007c0000000,0x00000007c0ad6038,0x00000007c3010000)
  from space 8128K, 0% used [0x00000007c3800000,0x00000007c3800000,0x00000007c3ff0000)
  to   space 8128K, 0% used [0x00000007c3010000,0x00000007c3010000,0x00000007c3800000)
 PSOldGen        total 131072K, used 0K [0x0000000740000000, 0x0000000748000000, 0x00000007c0000000)
  object space 131072K, 0% used [0x0000000740000000,0x0000000740000000,0x0000000748000000)
 PSPermGen       total 21248K, used 15613K [0x000000073ae00000, 0x000000073c2c0000, 0x0000000740000000)
  object space 21248K, 73% used [0x000000073ae00000,0x000000073bd3f7f0,0x000000073c2c0000)

Code Cache  [0x0000000002520000, 0x0000000002790000, 0x0000000005520000)
 total_blobs=477 nmethods=41 adapters=389 free_code_cache=49720576 largest_free_block=10112

Dynamic libraries:
0x0000000000400000 - 0x000000000042f000 	C:\Program Files\Java\jre6\bin\javaw.exe
0x0000000077a40000 - 0x0000000077beb000 	C:\Windows\SYSTEM32\ntdll.dll
0x0000000077920000 - 0x0000000077a3f000 	C:\Windows\system32\kernel32.dll
0x000007fefdd00000 - 0x000007fefdd6b000 	C:\Windows\system32\KERNELBASE.dll
0x000007feffc60000 - 0x000007feffd3b000 	C:\Windows\system32\ADVAPI32.dll
0x000007feff2a0000 - 0x000007feff33f000 	C:\Windows\system32\msvcrt.dll
0x000007fefdd70000 - 0x000007fefdd8f000 	C:\Windows\SYSTEM32\sechost.dll
0x000007feff7b0000 - 0x000007feff8de000 	C:\Windows\system32\RPCRT4.dll
0x0000000077820000 - 0x000000007791a000 	C:\Windows\system32\USER32.dll
0x000007feff9e0000 - 0x000007feffa47000 	C:\Windows\system32\GDI32.dll
0x000007feffd40000 - 0x000007feffd4e000 	C:\Windows\system32\LPK.dll
0x000007feff0a0000 - 0x000007feff16a000 	C:\Windows\system32\USP10.dll
0x000007feff340000 - 0x000007feff36e000 	C:\Windows\system32\IMM32.DLL
0x000007fefe080000 - 0x000007fefe189000 	C:\Windows\system32\MSCTF.dll
0x000000006d810000 - 0x000000006dfcc000 	C:\Program Files\Java\jre6\bin\server\jvm.dll
0x000007fefb9e0000 - 0x000007fefba1b000 	C:\Windows\system32\WINMM.dll
0x000000006d780000 - 0x000000006d78e000 	C:\Program Files\Java\jre6\bin\verify.dll
0x000000006d3b0000 - 0x000000006d3d7000 	C:\Program Files\Java\jre6\bin\java.dll
0x000000006d7d0000 - 0x000000006d7e2000 	C:\Program Files\Java\jre6\bin\zip.dll
0x000000006d000000 - 0x000000006d1c4000 	C:\Program Files\Java\jre6\bin\awt.dll
0x000007fef99c0000 - 0x000007fef9a30000 	C:\Windows\system32\WINSPOOL.DRV
0x000007feffa50000 - 0x000007feffc51000 	C:\Windows\system32\ole32.dll
0x000007fefe190000 - 0x000007fefef16000 	C:\Windows\system32\SHELL32.dll
0x000007fefde10000 - 0x000007fefde81000 	C:\Windows\system32\SHLWAPI.dll
0x000007fefc060000 - 0x000007fefc254000 	C:\Windows\WinSxS\amd64_microsoft.windows.common-controls_6595b64144ccf1df_6.0.7600.16385_none_fa645303170382f6\COMCTL32.dll
0x000007fefb5e0000 - 0x000007fefb5f8000 	C:\Windows\system32\DWMAPI.DLL
0x000007fefbc40000 - 0x000007fefbc96000 	C:\Windows\system32\uxtheme.dll
0x000000006d2a0000 - 0x000000006d307000 	C:\Program Files\Java\jre6\bin\fontmanager.dll
0x000007fefd8d0000 - 0x000007fefd8df000 	C:\Windows\system32\CRYPTBASE.dll
0x000007fef9d90000 - 0x000007fef9f8f000 	C:\Windows\system32\d3d9.dll
0x000007fefcaf0000 - 0x000007fefcafc000 	C:\Windows\system32\VERSION.dll
0x000007fef9d70000 - 0x000007fef9d77000 	C:\Windows\system32\d3d8thk.dll
0x000007fef6220000 - 0x000007fef632b000 	C:\Windows\system32\aticfx64.dll
0x000007fef6bc0000 - 0x000007fef6bcf000 	C:\Windows\system32\atiu9p64.dll
0x000007fee8980000 - 0x000007fee90a3000 	C:\Windows\system32\atiumd64.dll
0x0000000050b80000 - 0x0000000051010000 	C:\Windows\system32\atiumd6a.dll
0x000000006d610000 - 0x000000006d627000 	C:\Program Files\Java\jre6\bin\net.dll
0x000007fefdeb0000 - 0x000007fefdefd000 	C:\Windows\system32\WS2_32.dll
0x000007feff9d0000 - 0x000007feff9d8000 	C:\Windows\system32\NSI.dll
0x000007fefd210000 - 0x000007fefd264000 	C:\Windows\system32\mswsock.dll
0x000007fefd200000 - 0x000007fefd207000 	C:\Windows\System32\wship6.dll
0x000000006d630000 - 0x000000006d63c000 	C:\Program Files\Java\jre6\bin\nio.dll
0x000007fefefc0000 - 0x000007feff097000 	C:\Windows\system32\OLEAUT32.DLL
0x000000006d550000 - 0x000000006d55a000 	C:\Program Files\Java\jre6\bin\management.dll
0x0000000062f00000 - 0x0000000062f26000 	C:\Program Files\instantclient_11_2\ocijdbc11.dll
0x0000000180000000 - 0x00000001800b1000 	C:\Program Files\instantclient_11_2\OCI.dll
0x000000006a320000 - 0x000000006a3e9000 	C:\Windows\WinSxS\amd64_microsoft.vc80.crt_1fc8b3b9a1e18e3b_8.0.50727.6195_none_88e41e092fab0294\MSVCR80.dll
0x0000000077c00000 - 0x0000000077c07000 	C:\Windows\system32\PSAPI.DLL
0x000000000cd80000 - 0x0000000015364000 	C:\Program Files\instantclient_11_2\OraOCIEI11.dll
0x000007fefb850000 - 0x000007fefb877000 	C:\Windows\system32\iphlpapi.dll
0x000007fefb840000 - 0x000007fefb84b000 	C:\Windows\system32\WINNSI.DLL
0x000007fefda50000 - 0x000007fefdbb6000 	C:\Windows\system32\CRYPT32.dll
0x000007fefda40000 - 0x000007fefda4f000 	C:\Windows\system32\MSASN1.dll
0x000007fefd670000 - 0x000007fefd67b000 	C:\Windows\system32\Secur32.dll
0x000007fefd840000 - 0x000007fefd865000 	C:\Windows\system32\SSPICLI.DLL
0x000007fef6840000 - 0x000007fef6965000 	C:\Windows\system32\dbghelp.dll
0x000007fefbcf0000 - 0x000007fefbdf9000 	C:\Windows\system32\CRYPTUI.dll

VM Arguments:
jvm_args: -Dfile.encoding=UTF-8 
java_command: IMExample
Launcher Type: SUN_STANDARD

Environment Variables:
JAVA_HOME=C:\Program Files\Java\jre6\bin
PATH=C:\Program Files\Common Files\Microsoft Shared\Windows Live;C:\Program Files (x86)\AMD APP\bin\x86_64;C:\Program Files (x86)\AMD APP\bin\x86;C:\Windows\system32;C:\Windows;C:\Windows\System32\Wbem;C:\Windows\System32\WindowsPowerShell\v1.0\;C:\Program Files (x86)\ATI Technologies\ATI.ACE\Core-Static;C:\Program Files\TortoiseSVN\bin;C:\Program Files\MATLAB\R2012a\runtime\win64;C:\Program Files\MATLAB\R2012a\bin;C:\Program Files\doxygen\bin;C:\Program Files (x86)\Graphviz2.30\bin;C:\Program Files\instantclient_11_2;C:\Program Files\Common Files\Microsoft Shared\Windows Live
USERNAME=Laci
OS=Windows_NT
PROCESSOR_IDENTIFIER=Intel64 Family 6 Model 37 Stepping 2, GenuineIntel



---------------  S Y S T E M  ---------------

OS: Windows 7 , 64 bit Build 7600 

CPU:total 4 (2 cores per cpu, 2 threads per core) family 6 model 37 stepping 2, cmov, cx8, fxsr, mmx, sse, sse2, sse3, ssse3, sse4.1, sse4.2, popcnt, ht

Memory: 4k page, physical 12578288k(4766516k free), swap 12576392k(4724120k free)

vm_info: Java HotSpot(TM) 64-Bit Server VM (20.14-b01) for windows-amd64 JRE (1.6.0_43-b01), built on Mar  1 2013 01:52:33 by "java_re" with MS VC++ 8.0 (VS2005)

time: Sun Apr 14 22:25:41 2013
elapsed time: 17 seconds

